<?xml version="1.0" encoding="UTF-8"?>
<!-- Generated by org.testng.reporters.JUnitXMLReporter -->
<testsuite ignored="0" hostname="Diwakar" failures="0" tests="6" name="Test" time="7.695" errors="0" timestamp="2025-07-04T13:25:22 AEST">
  <testcase classname="saucedemotestfiles.SauceLabTest" name="validUserData" time="0.982"/>
  <testcase classname="saucedemotestfiles.SauceLabTest" name="addProductsToCart" time="2.112"/>
  <testcase classname="saucedemotestfiles.SauceLabTest" name="verifyCartItems" time="0.333"/>
  <testcase classname="saucedemotestfiles.SauceLabTest" name="vfyErrorMessage" time="0.852"/>
  <testcase classname="saucedemotestfiles.SauceLabTest" name="vfyTotalAmt" time="0.045"/>
  <testcase classname="saucedemotestfiles.SauceLabTest" name="vfyOrderPlaceMsg" time="0.399"/>
</testsuite> <!-- Test -->
