<?xml version="1.0" encoding="UTF-8"?>
<!-- Generated by org.testng.reporters.JUnitXMLReporter -->
<testsuite ignored="0" hostname="Diwakar" failures="0" tests="6" name="Standard-User" time="8.941" errors="0" timestamp="2025-07-04T14:51:58 AEST">
  <testcase classname="saucedemotestfiles.SauceLabTest" name="validUserData" time="1.194"/>
  <testcase classname="saucedemotestfiles.SauceLabTest" name="addProductsToCart" time="2.047"/>
  <testcase classname="saucedemotestfiles.SauceLabTest" name="verifyCartItems" time="0.263"/>
  <testcase classname="saucedemotestfiles.SauceLabTest" name="vfyErrorMessage" time="0.669"/>
  <testcase classname="saucedemotestfiles.SauceLabTest" name="vfyTotalAmt" time="0.034"/>
  <testcase classname="saucedemotestfiles.SauceLabTest" name="vfyOrderPlaceMsg" time="0.339"/>
</testsuite> <!-- Standard-User -->
