<?xml version="1.0" encoding="UTF-8"?>
<testng-results ignored="0" total="6" passed="6" failed="0" skipped="0">
  <reporter-output>
  </reporter-output>
  <suite started-at="2025-07-04T05:49:11 GMT" name="SauceLab" finished-at="2025-07-04T05:49:15 GMT" duration-ms="3710">
    <groups>
    </groups>
    <test started-at="2025-07-04T05:49:11 GMT" name="Standard-User" finished-at="2025-07-04T05:49:15 GMT" duration-ms="3710">
      <class name="saucedemotestfiles.SauceLabTest">
        <test-method is-config="true" signature="setupConfig()[pri:0, instance:saucedemotestfiles.SauceLabTest@36916eb0]" started-at="2025-07-04T05:49:11 GMT" name="setupConfig" finished-at="2025-07-04T05:49:11 GMT" duration-ms="8" status="PASS">
          <reporter-output>
          </reporter-output>
        </test-method> <!-- setupConfig -->
        <test-method is-config="true" signature="setDriver(org.testng.ITestContext)[pri:0, instance:saucedemotestfiles.SauceLabTest@36916eb0]" started-at="2025-07-04T05:49:11 GMT" name="setDriver" finished-at="2025-07-04T05:49:12 GMT" duration-ms="664" status="PASS">
          <params>
            <param index="0">
              <value>
                <![CDATA[org.testng.TestRunner@7fd50002]]>
              </value>
            </param>
          </params>
          <reporter-output>
          </reporter-output>
        </test-method> <!-- setDriver -->
        <test-method is-config="true" signature="setParameters(java.lang.String)[pri:0, instance:saucedemotestfiles.SauceLabTest@36916eb0]" started-at="2025-07-04T05:49:12 GMT" name="setParameters" finished-at="2025-07-04T05:49:12 GMT" depends-on-methods="baseTestPackage.BaseTest.setDriver" duration-ms="119" status="PASS">
          <params>
            <param index="0">
              <value>
                <![CDATA[test-data/standarduser.json]]>
              </value>
            </param>
          </params>
          <reporter-output>
          </reporter-output>
        </test-method> <!-- setParameters -->
        <test-method signature="validUserData()[pri:0, instance:saucedemotestfiles.SauceLabTest@36916eb0]" started-at="2025-07-04T05:49:12 GMT" name="validUserData" finished-at="2025-07-04T05:49:13 GMT" duration-ms="946" status="PASS">
          <reporter-output>
          </reporter-output>
        </test-method> <!-- validUserData -->
        <test-method signature="addProductsToCart()[pri:0, instance:saucedemotestfiles.SauceLabTest@36916eb0]" started-at="2025-07-04T05:49:13 GMT" name="addProductsToCart" finished-at="2025-07-04T05:49:14 GMT" depends-on-methods="saucedemotestfiles.SauceLabTest.validUserData" duration-ms="1031" status="PASS">
          <reporter-output>
          </reporter-output>
        </test-method> <!-- addProductsToCart -->
        <test-method signature="verifyCartItems()[pri:0, instance:saucedemotestfiles.SauceLabTest@36916eb0]" started-at="2025-07-04T05:49:14 GMT" name="verifyCartItems" finished-at="2025-07-04T05:49:14 GMT" depends-on-methods="saucedemotestfiles.SauceLabTest.addProductsToCart" duration-ms="203" status="PASS">
          <reporter-output>
          </reporter-output>
        </test-method> <!-- verifyCartItems -->
        <test-method signature="vfyErrorMessage()[pri:0, instance:saucedemotestfiles.SauceLabTest@36916eb0]" started-at="2025-07-04T05:49:14 GMT" name="vfyErrorMessage" finished-at="2025-07-04T05:49:15 GMT" depends-on-methods="saucedemotestfiles.SauceLabTest.verifyCartItems" duration-ms="420" status="PASS">
          <reporter-output>
          </reporter-output>
        </test-method> <!-- vfyErrorMessage -->
        <test-method signature="vfyTotalAmt()[pri:0, instance:saucedemotestfiles.SauceLabTest@36916eb0]" started-at="2025-07-04T05:49:15 GMT" name="vfyTotalAmt" finished-at="2025-07-04T05:49:15 GMT" depends-on-methods="saucedemotestfiles.SauceLabTest.vfyErrorMessage" duration-ms="32" status="PASS">
          <reporter-output>
          </reporter-output>
        </test-method> <!-- vfyTotalAmt -->
        <test-method signature="vfyOrderPlaceMsg()[pri:0, instance:saucedemotestfiles.SauceLabTest@36916eb0]" started-at="2025-07-04T05:49:15 GMT" name="vfyOrderPlaceMsg" finished-at="2025-07-04T05:49:15 GMT" depends-on-methods="saucedemotestfiles.SauceLabTest.vfyTotalAmt" duration-ms="194" status="PASS">
          <reporter-output>
          </reporter-output>
        </test-method> <!-- vfyOrderPlaceMsg -->
        <test-method is-config="true" signature="tearDown()[pri:0, instance:saucedemotestfiles.SauceLabTest@36916eb0]" started-at="2025-07-04T05:49:15 GMT" name="tearDown" finished-at="2025-07-04T05:49:15 GMT" duration-ms="78" status="PASS">
          <reporter-output>
          </reporter-output>
        </test-method> <!-- tearDown -->
      </class> <!-- saucedemotestfiles.SauceLabTest -->
    </test> <!-- Standard-User -->
  </suite> <!-- SauceLab -->
</testng-results>
